#1 [internal] load local bake definitions
#1 reading from stdin 534B done
#1 DONE 0.0s

#2 [internal] load build definition from Dockerfile
#2 transferring dockerfile: 1.28kB done
#2 DONE 0.0s

#3 [internal] load metadata for docker.io/rockylinux/rockylinux:10
#3 ...

#4 [internal] load metadata for docker.io/library/golang:1.24
#4 DONE 1.1s

#3 [internal] load metadata for docker.io/rockylinux/rockylinux:10
#3 DONE 2.4s

#5 [internal] load .dockerignore
#5 transferring context: 2B done
#5 DONE 0.0s

#6 [build 1/4] FROM docker.io/library/golang:1.24@sha256:d2d2bc1c84f7e60d7d2438a3836ae7d0c847f4888464e7ec9ba3a1339a1ee804
#6 resolve docker.io/library/golang:1.24@sha256:d2d2bc1c84f7e60d7d2438a3836ae7d0c847f4888464e7ec9ba3a1339a1ee804 0.0s done
#6 DONE 0.0s

#7 [stage-1 1/6] FROM docker.io/rockylinux/rockylinux:10@sha256:f4da504c18e7aced902f4f728cde787cd9d9b817bc639fe171026d18364dca6c
#7 resolve docker.io/rockylinux/rockylinux:10@sha256:f4da504c18e7aced902f4f728cde787cd9d9b817bc639fe171026d18364dca6c 0.0s done
#7 DONE 0.0s

#8 [internal] load build context
#8 transferring context: 48.97kB done
#8 DONE 0.0s

#9 [build 2/4] WORKDIR /src
#9 CACHED

#10 [build 3/4] COPY . .
#10 DONE 0.1s

#11 [build 4/4] RUN target_os="linux" && target_arch="arm64" &&   CGO_ENABLED=0 GOOS="${target_os}" GOARCH="${target_arch}" go build   -trimpath   -ldflags "-s -w -X main.version=0.1.0-docker -X main.commit=unknown -X main.buildDate=unknown -X main.targetOS=${target_os} -X main.targetArch=${target_arch}"   -o /out/llstack   ./cmd/llstack
#11 0.136 go: downloading github.com/spf13/cobra v1.9.1
#11 0.141 go: downloading github.com/charmbracelet/bubbletea v1.3.4
#11 0.141 go: downloading github.com/charmbracelet/lipgloss v1.1.0
#11 0.145 go: downloading gopkg.in/yaml.v3 v3.0.1
#11 1.670 go: downloading github.com/muesli/ansi v0.0.0-20230316100256-276c6243b2f6
#11 1.670 go: downloading github.com/charmbracelet/x/ansi v0.8.0
#11 1.670 go: downloading github.com/charmbracelet/x/term v0.2.1
#11 1.670 go: downloading golang.org/x/sync v0.11.0
#11 1.672 go: downloading github.com/muesli/cancelreader v0.2.2
#11 1.747 go: downloading github.com/rivo/uniseg v0.4.7
#11 1.747 go: downloading github.com/charmbracelet/x/cellbuf v0.0.13-0.20250311204145-2c3ea96c31dd
#11 1.747 go: downloading github.com/muesli/termenv v0.16.0
#11 1.859 go: downloading github.com/spf13/pflag v1.0.6
#11 2.533 go: downloading golang.org/x/sys v0.30.0
#11 2.533 go: downloading github.com/lucasb-eyer/go-colorful v1.2.0
#11 2.533 go: downloading github.com/mattn/go-runewidth v0.0.16
#11 2.534 go: downloading github.com/mattn/go-isatty v0.0.20
#11 2.534 go: downloading github.com/aymanbagabas/go-osc52/v2 v2.0.1
#11 2.535 go: downloading github.com/charmbracelet/colorprofile v0.2.3-0.20250311203215-f60798e515dc
#11 4.285 go: downloading github.com/xo/terminfo v0.0.0-20220910002029-abceb7e1c41e
#11 DONE 12.4s

#12 [stage-1 2/6] RUN dnf -y install dnf sudo findutils tar gzip procps-ng iproute hostname shadow-utils httpd curl && dnf clean all
#12 CACHED

#13 [stage-1 3/6] COPY --from=build /out/llstack /usr/local/bin/llstack
#13 DONE 0.0s

#14 [stage-1 4/6] COPY docker/fixtures/smoke.sh /usr/local/bin/llstack-docker-smoke
#14 DONE 0.0s

#15 [stage-1 5/6] COPY docker/fixtures/systemctl-httpd.sh /usr/local/bin/systemctl
#15 DONE 0.0s

#16 [stage-1 6/6] RUN chmod +x /usr/local/bin/llstack /usr/local/bin/llstack-docker-smoke /usr/local/bin/systemctl   && mkdir -p /etc/httpd/conf.d/llstack/sites /run/httpd   && printf '%s\n' 'IncludeOptional /etc/httpd/conf.d/llstack/sites/*.conf' >/etc/httpd/conf.d/00-llstack-managed-sites.conf
#16 DONE 0.1s

#17 exporting to image
#17 exporting layers
#17 exporting layers 0.2s done
#17 exporting manifest sha256:1a992fb047e11b403e07f48e1c6e0f4b9714ffbed4f21e0d368b15585e75ea72
#17 exporting manifest sha256:1a992fb047e11b403e07f48e1c6e0f4b9714ffbed4f21e0d368b15585e75ea72 done
#17 exporting config sha256:eb830ed8b2cacec4c4c7d7af5f6b95b5c1fd63e7d69c263cbbf24d05d075a624 done
#17 exporting attestation manifest sha256:f80fc047f2476f1d7be6d37b8496a246294fc50730c7fd076d3a0198ed00fead 0.0s done
#17 exporting manifest list sha256:28d7e3c4a985c3a713983483ba6d683f43b728ee0425c627948ae1f4b2310935 0.0s done
#17 naming to docker.io/library/compose-el10-apache:latest done
#17 unpacking to docker.io/library/compose-el10-apache:latest 0.1s done
#17 DONE 0.3s

#18 resolving provenance for metadata file
#18 DONE 0.0s
Attaching to el10-apache-1
el10-apache-1  | docker smoke summary:
el10-apache-1  | {
el10-apache-1  |   "backend": "apache",
el10-apache-1  |   "site": "el10-apache.example.com",
el10-apache-1  |   "checks": [
el10-apache-1  |     "version",
el10-apache-1  |     "status",
el10-apache-1  |     "install_dry_run",
el10-apache-1  |     "site_create_apply",
el10-apache-1  |     "site_diff",
el10-apache-1  |     "site_update",
el10-apache-1  |     "site_tls_dry_run",
el10-apache-1  |     "site_stop_start",
el10-apache-1  |     "doctor"
el10-apache-1  |   ],
el10-apache-1  |   "status": "passed"
el10-apache-1  | }
[Kel10-apache-1 exited with code 0
el10-apache-1  | AH00558: httpd: Could not reliably determine the server's fully qualified domain name, using 172.22.0.2. Set the 'ServerName' directive globally to suppress this message
el10-apache-1  | time=2026-03-26T05:12:24.514Z level=INFO msg="site created" site=el10-apache.example.com backend=apache
el10-apache-1  | AH00558: httpd: Could not reliably determine the server's fully qualified domain name, using 172.22.0.2. Set the 'ServerName' directive globally to suppress this message
el10-apache-1  | Syntax OK
el10-apache-1  | docker smoke summary:
el10-apache-1  | {
el10-apache-1  |   "backend": "apache",
el10-apache-1  |   "site": "el10-apache.example.com",
el10-apache-1  |   "checks": [
el10-apache-1  |     "version",
el10-apache-1  |     "status",
el10-apache-1  |     "install_dry_run",
el10-apache-1  |     "site_create_apply",
el10-apache-1  |     "site_diff",
el10-apache-1  |     "site_update",
el10-apache-1  |     "site_tls_dry_run",
el10-apache-1  |     "site_stop_start",
el10-apache-1  |     "doctor"
el10-apache-1  |   ],
el10-apache-1  |   "status": "passed"
el10-apache-1  | }
