#1 [internal] load local bake definitions
#1 reading from stdin 514B done
#1 DONE 0.0s

#2 [internal] load build definition from Dockerfile
#2 transferring dockerfile: 1.01kB done
#2 DONE 0.0s

#3 [internal] load metadata for docker.io/library/rockylinux:9
#3 DONE 0.0s

#4 [internal] load metadata for docker.io/library/golang:1.24
#4 DONE 0.4s

#5 [internal] load .dockerignore
#5 transferring context: 2B done
#5 DONE 0.0s

#6 [build 1/4] FROM docker.io/library/golang:1.24@sha256:d2d2bc1c84f7e60d7d2438a3836ae7d0c847f4888464e7ec9ba3a1339a1ee804
#6 resolve docker.io/library/golang:1.24@sha256:d2d2bc1c84f7e60d7d2438a3836ae7d0c847f4888464e7ec9ba3a1339a1ee804 0.0s done
#6 DONE 0.0s

#7 [stage-1 1/5] FROM docker.io/library/rockylinux:9@sha256:d7be1c094cc5845ee815d4632fe377514ee6ebcf8efaed6892889657e5ddaaa6
#7 resolve docker.io/library/rockylinux:9@sha256:d7be1c094cc5845ee815d4632fe377514ee6ebcf8efaed6892889657e5ddaaa6 0.0s done
#7 DONE 0.0s

#8 [internal] load build context
#8 transferring context: 18.39kB done
#8 DONE 0.0s

#9 [build 2/4] WORKDIR /src
#9 CACHED

#10 [build 3/4] COPY . .
#10 DONE 0.1s

#11 [build 4/4] RUN target_os="linux" && target_arch="arm64" &&   CGO_ENABLED=0 GOOS="${target_os}" GOARCH="${target_arch}" go build   -trimpath   -ldflags "-s -w -X main.version=0.1.0-docker -X main.commit=unknown -X main.buildDate=unknown -X main.targetOS=${target_os} -X main.targetArch=${target_arch}"   -o /out/llstack   ./cmd/llstack
#11 0.128 go: downloading github.com/spf13/cobra v1.9.1
#11 0.128 go: downloading gopkg.in/yaml.v3 v3.0.1
#11 0.129 go: downloading github.com/charmbracelet/bubbletea v1.3.4
#11 0.129 go: downloading github.com/charmbracelet/lipgloss v1.1.0
#11 1.678 go: downloading github.com/muesli/ansi v0.0.0-20230316100256-276c6243b2f6
#11 1.678 go: downloading github.com/charmbracelet/x/term v0.2.1
#11 1.678 go: downloading golang.org/x/sync v0.11.0
#11 1.678 go: downloading github.com/muesli/cancelreader v0.2.2
#11 1.683 go: downloading github.com/charmbracelet/x/ansi v0.8.0
#11 1.846 go: downloading github.com/rivo/uniseg v0.4.7
#11 1.846 go: downloading github.com/spf13/pflag v1.0.6
#11 1.846 go: downloading github.com/muesli/termenv v0.16.0
#11 1.847 go: downloading github.com/charmbracelet/x/cellbuf v0.0.13-0.20250311204145-2c3ea96c31dd
#11 2.649 go: downloading golang.org/x/sys v0.30.0
#11 2.649 go: downloading github.com/mattn/go-runewidth v0.0.16
#11 2.658 go: downloading github.com/lucasb-eyer/go-colorful v1.2.0
#11 2.662 go: downloading github.com/charmbracelet/colorprofile v0.2.3-0.20250311203215-f60798e515dc
#11 2.747 go: downloading github.com/mattn/go-isatty v0.0.20
#11 2.747 go: downloading github.com/aymanbagabas/go-osc52/v2 v2.0.1
#11 5.163 go: downloading github.com/xo/terminfo v0.0.0-20220910002029-abceb7e1c41e
#11 DONE 14.1s

#12 [stage-1 3/5] COPY --from=build /out/llstack /usr/local/bin/llstack
#12 CACHED

#13 [stage-1 4/5] COPY docker/fixtures/smoke.sh /usr/local/bin/llstack-docker-smoke
#13 CACHED

#14 [stage-1 2/5] RUN dnf -y install dnf sudo findutils tar gzip procps-ng iproute hostname shadow-utils && dnf clean all
#14 CACHED

#15 [stage-1 5/5] RUN chmod +x /usr/local/bin/llstack /usr/local/bin/llstack-docker-smoke
#15 CACHED

#16 exporting to image
#16 exporting layers done
#16 exporting manifest sha256:3fbc08e60f5c1ed9a2a41843be64bcf3f4cadfb2e343a593ad7339a3e7de0ab3 done
#16 exporting config sha256:45b4c7625ee679372dd4be7a88a861f2a90f6425f960b3f258f03690c9b89c42 done
#16 exporting attestation manifest sha256:bc09a603f98a7db14477393da0b38dfcba54df57831d095c3bd2d887d473999d 0.0s done
#16 exporting manifest list sha256:c90afcef2ef18420f4734be7a832f491501c99faceb57c9926329640a63be281 done
#16 naming to docker.io/library/compose-el9-ols:latest done
#16 unpacking to docker.io/library/compose-el9-ols:latest done
#16 DONE 0.0s

#17 resolving provenance for metadata file
#17 DONE 0.0s
Attaching to el9-ols-1
el9-ols-1  | docker smoke summary:
el9-ols-1  | {
el9-ols-1  |   "backend": "ols",
el9-ols-1  |   "site": "el9-ols.example.com",
el9-ols-1  |   "checks": [
el9-ols-1  |     "version",
el9-ols-1  |     "status",
el9-ols-1  |     "install_dry_run",
el9-ols-1  |     "site_create_apply",
el9-ols-1  |     "site_diff",
el9-ols-1  |     "site_update",
el9-ols-1  |     "site_tls_dry_run",
el9-ols-1  |     "site_stop_start",
el9-ols-1  |     "doctor"
el9-ols-1  |   ],
el9-ols-1  |   "status": "passed"
el9-ols-1  | }
[Kel9-ols-1 exited with code 0
el9-ols-1  | time=2026-03-26T05:13:33.047Z level=INFO msg="site created" site=el9-ols.example.com backend=ols
el9-ols-1  | docker smoke summary:
el9-ols-1  | {
el9-ols-1  |   "backend": "ols",
el9-ols-1  |   "site": "el9-ols.example.com",
el9-ols-1  |   "checks": [
el9-ols-1  |     "version",
el9-ols-1  |     "status",
el9-ols-1  |     "install_dry_run",
el9-ols-1  |     "site_create_apply",
el9-ols-1  |     "site_diff",
el9-ols-1  |     "site_update",
el9-ols-1  |     "site_tls_dry_run",
el9-ols-1  |     "site_stop_start",
el9-ols-1  |     "doctor"
el9-ols-1  |   ],
el9-ols-1  |   "status": "passed"
el9-ols-1  | }
