#1 [internal] load local bake definitions
#1 reading from stdin 529B done
#1 DONE 0.0s

#2 [internal] load build definition from Dockerfile
#2 transferring dockerfile: 1.28kB done
#2 DONE 0.0s

#3 [internal] load metadata for docker.io/library/rockylinux:9
#3 DONE 0.0s

#4 [internal] load metadata for docker.io/library/golang:1.24
#4 DONE 0.4s

#5 [internal] load .dockerignore
#5 transferring context: 2B done
#5 DONE 0.0s

#6 [stage-1 1/6] FROM docker.io/library/rockylinux:9@sha256:d7be1c094cc5845ee815d4632fe377514ee6ebcf8efaed6892889657e5ddaaa6
#6 resolve docker.io/library/rockylinux:9@sha256:d7be1c094cc5845ee815d4632fe377514ee6ebcf8efaed6892889657e5ddaaa6 0.0s done
#6 DONE 0.0s

#7 [build 1/4] FROM docker.io/library/golang:1.24@sha256:d2d2bc1c84f7e60d7d2438a3836ae7d0c847f4888464e7ec9ba3a1339a1ee804
#7 resolve docker.io/library/golang:1.24@sha256:d2d2bc1c84f7e60d7d2438a3836ae7d0c847f4888464e7ec9ba3a1339a1ee804 0.0s done
#7 DONE 0.0s

#8 [internal] load build context
#8 transferring context: 18.36kB done
#8 DONE 0.0s

#9 [build 2/4] WORKDIR /src
#9 CACHED

#10 [build 3/4] COPY . .
#10 DONE 0.1s

#11 [build 4/4] RUN target_os="linux" && target_arch="arm64" &&   CGO_ENABLED=0 GOOS="${target_os}" GOARCH="${target_arch}" go build   -trimpath   -ldflags "-s -w -X main.version=0.1.0-docker -X main.commit=unknown -X main.buildDate=unknown -X main.targetOS=${target_os} -X main.targetArch=${target_arch}"   -o /out/llstack   ./cmd/llstack
#11 0.123 go: downloading github.com/spf13/cobra v1.9.1
#11 0.125 go: downloading gopkg.in/yaml.v3 v3.0.1
#11 0.127 go: downloading github.com/charmbracelet/bubbletea v1.3.4
#11 0.127 go: downloading github.com/charmbracelet/lipgloss v1.1.0
#11 1.656 go: downloading github.com/muesli/ansi v0.0.0-20230316100256-276c6243b2f6
#11 1.656 go: downloading golang.org/x/sync v0.11.0
#11 1.656 go: downloading github.com/charmbracelet/x/ansi v0.8.0
#11 1.657 go: downloading github.com/charmbracelet/x/term v0.2.1
#11 1.659 go: downloading github.com/muesli/cancelreader v0.2.2
#11 1.849 go: downloading github.com/spf13/pflag v1.0.6
#11 1.849 go: downloading github.com/muesli/termenv v0.16.0
#11 1.849 go: downloading github.com/rivo/uniseg v0.4.7
#11 1.849 go: downloading github.com/charmbracelet/x/cellbuf v0.0.13-0.20250311204145-2c3ea96c31dd
#11 2.618 go: downloading golang.org/x/sys v0.30.0
#11 2.619 go: downloading github.com/mattn/go-runewidth v0.0.16
#11 2.619 go: downloading github.com/lucasb-eyer/go-colorful v1.2.0
#11 2.632 go: downloading github.com/charmbracelet/colorprofile v0.2.3-0.20250311203215-f60798e515dc
#11 2.754 go: downloading github.com/mattn/go-isatty v0.0.20
#11 2.754 go: downloading github.com/aymanbagabas/go-osc52/v2 v2.0.1
#11 4.442 go: downloading github.com/xo/terminfo v0.0.0-20220910002029-abceb7e1c41e
#11 DONE 11.9s

#12 [stage-1 2/6] RUN dnf -y install dnf sudo findutils tar gzip procps-ng iproute hostname shadow-utils httpd curl-minimal && dnf clean all
#12 CACHED

#13 [stage-1 3/6] COPY --from=build /out/llstack /usr/local/bin/llstack
#13 CACHED

#14 [stage-1 4/6] COPY docker/fixtures/smoke.sh /usr/local/bin/llstack-docker-smoke
#14 CACHED

#15 [stage-1 5/6] COPY docker/fixtures/systemctl-httpd.sh /usr/local/bin/systemctl
#15 CACHED

#16 [stage-1 6/6] RUN chmod +x /usr/local/bin/llstack /usr/local/bin/llstack-docker-smoke /usr/local/bin/systemctl   && mkdir -p /etc/httpd/conf.d/llstack/sites /run/httpd   && printf '%s\n' 'IncludeOptional /etc/httpd/conf.d/llstack/sites/*.conf' >/etc/httpd/conf.d/00-llstack-managed-sites.conf
#16 CACHED

#17 exporting to image
#17 exporting layers done
#17 exporting manifest sha256:963a57e2dd344fd803b3d8dea5798e9803c49dcafe27c0d04ec0a98ccd416883 done
#17 exporting config sha256:08acb8aff6d1e0ea25ca4b4568ee5565b60c5b4ced702a48765e260b00771be6 done
#17 exporting attestation manifest sha256:f170b987d8313cafbc03b5ab582bf6db561fe9aa5f2d36710421cca8486b646d 0.0s done
#17 exporting manifest list sha256:de22ce0a9b489362d83898fa3eaeda96aec6ab7d29871d3f61fee2d1b80506a2 0.0s done
#17 naming to docker.io/library/compose-el9-apache:latest done
#17 unpacking to docker.io/library/compose-el9-apache:latest done
#17 DONE 0.1s

#18 resolving provenance for metadata file
#18 DONE 0.0s
Attaching to el9-apache-1
el9-apache-1  | docker smoke summary:
el9-apache-1  | {
el9-apache-1  |   "backend": "apache",
el9-apache-1  |   "site": "el9-apache.example.com",
el9-apache-1  |   "checks": [
el9-apache-1  |     "version",
el9-apache-1  |     "status",
el9-apache-1  |     "install_dry_run",
el9-apache-1  |     "site_create_apply",
el9-apache-1  |     "site_diff",
el9-apache-1  |     "site_update",
el9-apache-1  |     "site_tls_dry_run",
el9-apache-1  |     "site_stop_start",
el9-apache-1  |     "doctor"
el9-apache-1  |   ],
el9-apache-1  |   "status": "passed"
el9-apache-1  | }
[Kel9-apache-1 exited with code 0
el9-apache-1  | AH00558: httpd: Could not reliably determine the server's fully qualified domain name, using 172.22.0.2. Set the 'ServerName' directive globally to suppress this message
el9-apache-1  | time=2026-03-26T05:13:04.523Z level=INFO msg="site created" site=el9-apache.example.com backend=apache
el9-apache-1  | AH00558: httpd: Could not reliably determine the server's fully qualified domain name, using 172.22.0.2. Set the 'ServerName' directive globally to suppress this message
el9-apache-1  | Syntax OK
el9-apache-1  | docker smoke summary:
el9-apache-1  | {
el9-apache-1  |   "backend": "apache",
el9-apache-1  |   "site": "el9-apache.example.com",
el9-apache-1  |   "checks": [
el9-apache-1  |     "version",
el9-apache-1  |     "status",
el9-apache-1  |     "install_dry_run",
el9-apache-1  |     "site_create_apply",
el9-apache-1  |     "site_diff",
el9-apache-1  |     "site_update",
el9-apache-1  |     "site_tls_dry_run",
el9-apache-1  |     "site_stop_start",
el9-apache-1  |     "doctor"
el9-apache-1  |   ],
el9-apache-1  |   "status": "passed"
el9-apache-1  | }
